<?xml version="1.0" encoding="UTF-8"?>
<!-- Generated by org.testng.reporters.JUnitXMLReporter -->
<testsuite ignored="1" hostname="user1" failures="1" tests="1" name="SampleTest(failed)" time="7.211" errors="0" timestamp="2025-04-02T14:53:43 IST">
  <testcase classname="testScripts.BookSearchText" name="novelSearch" time="0.155">
    <failure type="java.lang.AssertionError" message="expected [true] but found [false]">
      <![CDATA[java.lang.AssertionError: expected [true] but found [false]
at testScripts.BookSearchText.novelSearch(BookSearchText.java:27)
at java.base/java.util.ArrayList.forEach(ArrayList.java:1511)
... Removed 31 stack frames]]>
    </failure>
  </testcase> <!-- novelSearch -->
  <testcase classname="testScripts.BookSearchText" name="crimeNovelSearch" time="0.0">
    <ignored/>
  </testcase> <!-- crimeNovelSearch -->
</testsuite> <!-- SampleTest(failed) -->
