<!DOCTYPE html PUBLIC "-//W3C//DTD XHTML 1.1//EN" "https://www.w3.org/TR/xhtml11/DTD/xhtml11.dtd">
<html xmlns="https://www.w3.org/1999/xhtml">
<head>
<meta http-equiv="content-type" content="text/html; charset=UTF-8"/>
<title>TestNG Report</title>
<style type="text/css">table {margin-bottom:10px;border-collapse:collapse;empty-cells:show}th,td {border:1px solid #009;padding:.25em .5em}th {vertical-align:bottom}td {vertical-align:top}table a {font-weight:bold}.stripe td {background-color: #E6EBF9}.num {text-align:right}.passedodd td {background-color: #3F3}.passedeven td {background-color: #0A0}.skippedodd td {background-color: #DDD}.skippedeven td {background-color: #CCC}.failedodd td,.attn {background-color: #F33}.failedeven td,.stripe .attn {background-color: #D00}.stacktrace {white-space:pre;font-family:monospace}.totop {font-size:85%;text-align:center;border-bottom:2px solid #000}.invisible {display:none}</style>
</head>
<body>
<table>
<tr><th>Test</th><th># Passed</th><th># Skipped</th><th># Retried</th><th># Failed</th><th>Time (ms)</th><th>Included Groups</th><th>Excluded Groups</th></tr>
<tr><th colspan="8">SampleSuite</th></tr>
<tr><td><a href="#t0">SampleTest</a></td><td class="num">17</td><td class="num">0</td><td class="num">0</td><td class="num attn">2</td><td class="num">227,579</td><td></td><td></td></tr>
</table>
<table id='summary'><thead><tr><th>Class</th><th>Method</th><th>Start</th><th>Time (ms)</th></tr></thead><tbody><tr><th colspan="4">SampleSuite</th></tr></tbody><tbody id="t0"><tr><th colspan="4">SampleTest &#8212; failed</th></tr><tr class="failedeven"><td rowspan="1">testScripts.AlertsTest</td><td><a href="#m0">variousAlerts</a></td><td rowspan="1">1743507610432</td><td rowspan="1">12190</td></tr><tr class="failedodd"><td rowspan="1">testScripts.UploadFileTest</td><td><a href="#m1">uploadFile</a></td><td rowspan="1">1743507607051</td><td rowspan="1">3373</td></tr><tr><th colspan="4">SampleTest &#8212; passed</th></tr><tr class="passedeven"><td rowspan="1">testScripts.AutoCompleteTest</td><td><a href="#m2">autoComplteTest</a></td><td rowspan="1">1743507642595</td><td rowspan="1">3940</td></tr><tr class="passedodd"><td rowspan="1">testScripts.DisplayTestTest</td><td><a href="#m3">displayElementTest</a></td><td rowspan="1">1743507480133</td><td rowspan="1">11971</td></tr><tr class="passedeven"><td rowspan="1">testScripts.DownloadFileTest</td><td><a href="#m4">fileDownload</a></td><td rowspan="1">1743507597432</td><td rowspan="1">9617</td></tr><tr class="passedodd"><td rowspan="1">testScripts.DropDownTest</td><td><a href="#m5">selectDrpDownTest</a></td><td rowspan="1">1743507432676</td><td rowspan="1">6023</td></tr><tr class="passedeven"><td rowspan="1">testScripts.ExpWaitTest</td><td><a href="#m6">explicitWaitTest</a></td><td rowspan="1">1743507622625</td><td rowspan="1">19968</td></tr><tr class="passedodd"><td rowspan="1">testScripts.FluentWaitTest</td><td><a href="#m7">fluentWaitTest</a></td><td rowspan="1">1743507438707</td><td rowspan="1">23156</td></tr><tr class="passedeven"><td rowspan="1">testScripts.GooglePageTest</td><td><a href="#m8">seleniumSearch</a></td><td rowspan="1">1743507555525</td><td rowspan="1">8924</td></tr><tr class="passedodd"><td rowspan="1">testScripts.JavaScriptExecTest</td><td><a href="#m9">voidTest</a></td><td rowspan="1">1743507564453</td><td rowspan="1">6329</td></tr><tr class="passedeven"><td rowspan="1">testScripts.MouseActionsTest</td><td><a href="#m10">mouseActions</a></td><td rowspan="1">1743507646540</td><td rowspan="1">13663</td></tr><tr class="passedodd"><td rowspan="1">testScripts.PageLoadTest</td><td><a href="#m11">pageLoadTest</a></td><td rowspan="1">1743507587170</td><td rowspan="1">10259</td></tr><tr class="passedeven"><td rowspan="1">testScripts.ProductsSelection</td><td><a href="#m12">dynamicElementSelection</a></td><td rowspan="1">1743507570784</td><td rowspan="1">16380</td></tr><tr class="passedodd"><td rowspan="1">testScripts.RadioButtonTest</td><td><a href="#m13">selectRadioTest</a></td><td rowspan="1">1743507548450</td><td rowspan="1">7072</td></tr><tr class="passedeven"><td rowspan="1">testScripts.RadioChkBoxTest</td><td><a href="#m14">selectRadioTest</a></td><td rowspan="1">1743507461871</td><td rowspan="1">6187</td></tr><tr class="passedodd"><td rowspan="1">testScripts.ShadowDOMTest</td><td><a href="#m15">shadowDOMTest</a></td><td rowspan="1">1743507468061</td><td rowspan="1">1955</td></tr><tr class="passedeven"><td rowspan="1">testScripts.ToolTipTest</td><td><a href="#m16">tooltip</a></td><td rowspan="1">1743507470019</td><td rowspan="1">3530</td></tr><tr class="passedodd"><td rowspan="1">testScripts.WebtabletestTest</td><td><a href="#m17">dynamicWebTable</a></td><td rowspan="1">1743507473554</td><td rowspan="1">6575</td></tr><tr class="passedeven"><td rowspan="1">testScripts.WinPopupTest</td><td><a href="#m18">winPop</a></td><td rowspan="1">1743507492111</td><td rowspan="1">56335</td></tr></tbody>
</table>
<h2>SampleTest</h2><h3 id="m0">testScripts.AlertsTest#variousAlerts</h3><table class="result"><tr><th>Exception</th></tr><tr><td><div class="stacktrace">java.lang.AssertionError: The following asserts failed:
	expected [I am an alert box] but found [I am an alert box!],
	expected [Press a buttonk] but found [Press a button!]
	at testScripts.AlertsTest.variousAlerts(AlertsTest.java:64)
	at java.base/java.util.ArrayList.forEach(ArrayList.java:1511)
... Removed 29 stack frames</div></td></tr></table><p class="totop"><a href="#summary">back to summary</a></p>
<h3 id="m1">testScripts.UploadFileTest#uploadFile</h3><table class="result"><tr><th>Exception</th></tr><tr><td><div class="stacktrace">org.openqa.selenium.InvalidSelectorException: invalid selector: Unable to locate an element with the xpath expression (//span[text()=&apos;Start upload&apos;] because of the following error:
SyntaxError: Failed to execute &apos;evaluate&apos; on &apos;Document&apos;: The string &apos;(//span[text()=&apos;Start upload&apos;]&apos; is not a valid XPath expression.
  (Session info: chrome=134.0.6998.178)
For documentation on this error, please visit: https://www.selenium.dev/documentation/webdriver/troubleshooting/errors#invalid-selector-exception
Build info: version: &apos;4.22.0&apos;, revision: &apos;c5f3146703*&apos;
System info: os.name: &apos;Windows 10&apos;, os.arch: &apos;amd64&apos;, os.version: &apos;10.0&apos;, java.version: &apos;17.0.9&apos;
Driver info: org.openqa.selenium.chrome.ChromeDriver
Command: [8e7569e863d0b9140e4a1f562b2b5368, findElement {using=xpath, value=(//span[text()=&apos;Start upload&apos;]}]
Capabilities {acceptInsecureCerts: false, browserName: chrome, browserVersion: 134.0.6998.178, chrome: {chromedriverVersion: 134.0.6998.165 (fd886e2cb29..., userDataDir: C:\Windows\SystemTemp\scope...}, fedcm:accounts: true, goog:chromeOptions: {debuggerAddress: localhost:50921}, networkConnectionEnabled: false, pageLoadStrategy: normal, platformName: windows, proxy: Proxy(), se:cdp: ws://localhost:50921/devtoo..., se:cdpVersion: 134.0.6998.178, setWindowRect: true, strictFileInteractability: false, timeouts: {implicit: 0, pageLoad: 300000, script: 30000}, unhandledPromptBehavior: dismiss and notify, webauthn:extension:credBlob: true, webauthn:extension:largeBlob: true, webauthn:extension:minPinLength: true, webauthn:extension:prf: true, webauthn:virtualAuthenticators: true}
Session ID: 8e7569e863d0b9140e4a1f562b2b5368
	at org.openqa.selenium.remote.ErrorCodec.decode(ErrorCodec.java:167)
	at org.openqa.selenium.remote.codec.w3c.W3CHttpResponseCodec.decode(W3CHttpResponseCodec.java:138)
	at org.openqa.selenium.remote.codec.w3c.W3CHttpResponseCodec.decode(W3CHttpResponseCodec.java:50)
	at org.openqa.selenium.remote.HttpCommandExecutor.execute(HttpCommandExecutor.java:190)
	at org.openqa.selenium.remote.service.DriverCommandExecutor.invokeExecute(DriverCommandExecutor.java:216)
	at org.openqa.selenium.remote.service.DriverCommandExecutor.execute(DriverCommandExecutor.java:174)
	at org.openqa.selenium.remote.RemoteWebDriver.execute(RemoteWebDriver.java:518)
	at org.openqa.selenium.remote.ElementLocation$ElementFinder$2.findElement(ElementLocation.java:165)
	at org.openqa.selenium.remote.ElementLocation.findElement(ElementLocation.java:59)
	at org.openqa.selenium.remote.RemoteWebDriver.findElement(RemoteWebDriver.java:355)
	at org.openqa.selenium.remote.RemoteWebDriver.findElement(RemoteWebDriver.java:349)
	at testScripts.UploadFileTest.uploadFile(UploadFileTest.java:35)
	at java.base/java.util.ArrayList.forEach(ArrayList.java:1511)
... Removed 32 stack frames</div></td></tr></table><p class="totop"><a href="#summary">back to summary</a></p>
<h3 id="m2">testScripts.AutoCompleteTest#autoComplteTest</h3><table class="result"><tr><th class="invisible"/></tr></table><p class="totop"><a href="#summary">back to summary</a></p>
<h3 id="m3">testScripts.DisplayTestTest#displayElementTest</h3><table class="result"><tr><th class="invisible"/></tr></table><p class="totop"><a href="#summary">back to summary</a></p>
<h3 id="m4">testScripts.DownloadFileTest#fileDownload</h3><table class="result"><tr><th class="invisible"/></tr></table><p class="totop"><a href="#summary">back to summary</a></p>
<h3 id="m5">testScripts.DropDownTest#selectDrpDownTest</h3><table class="result"><tr><th class="invisible"/></tr></table><p class="totop"><a href="#summary">back to summary</a></p>
<h3 id="m6">testScripts.ExpWaitTest#explicitWaitTest</h3><table class="result"><tr><th class="invisible"/></tr></table><p class="totop"><a href="#summary">back to summary</a></p>
<h3 id="m7">testScripts.FluentWaitTest#fluentWaitTest</h3><table class="result"><tr><th class="invisible"/></tr></table><p class="totop"><a href="#summary">back to summary</a></p>
<h3 id="m8">testScripts.GooglePageTest#seleniumSearch</h3><table class="result"><tr><th class="invisible"/></tr></table><p class="totop"><a href="#summary">back to summary</a></p>
<h3 id="m9">testScripts.JavaScriptExecTest#voidTest</h3><table class="result"><tr><th class="invisible"/></tr></table><p class="totop"><a href="#summary">back to summary</a></p>
<h3 id="m10">testScripts.MouseActionsTest#mouseActions</h3><table class="result"><tr><th class="invisible"/></tr></table><p class="totop"><a href="#summary">back to summary</a></p>
<h3 id="m11">testScripts.PageLoadTest#pageLoadTest</h3><table class="result"><tr><th class="invisible"/></tr></table><p class="totop"><a href="#summary">back to summary</a></p>
<h3 id="m12">testScripts.ProductsSelection#dynamicElementSelection</h3><table class="result"><tr><th class="invisible"/></tr></table><p class="totop"><a href="#summary">back to summary</a></p>
<h3 id="m13">testScripts.RadioButtonTest#selectRadioTest</h3><table class="result"><tr><th class="invisible"/></tr></table><p class="totop"><a href="#summary">back to summary</a></p>
<h3 id="m14">testScripts.RadioChkBoxTest#selectRadioTest</h3><table class="result"><tr><th class="invisible"/></tr></table><p class="totop"><a href="#summary">back to summary</a></p>
<h3 id="m15">testScripts.ShadowDOMTest#shadowDOMTest</h3><table class="result"><tr><th class="invisible"/></tr></table><p class="totop"><a href="#summary">back to summary</a></p>
<h3 id="m16">testScripts.ToolTipTest#tooltip</h3><table class="result"><tr><th class="invisible"/></tr></table><p class="totop"><a href="#summary">back to summary</a></p>
<h3 id="m17">testScripts.WebtabletestTest#dynamicWebTable</h3><table class="result"><tr><th class="invisible"/></tr></table><p class="totop"><a href="#summary">back to summary</a></p>
<h3 id="m18">testScripts.WinPopupTest#winPop</h3><table class="result"><tr><th class="invisible"/></tr></table><p class="totop"><a href="#summary">back to summary</a></p>
</body>
</html>
